Determining if the pthread_create exist failed with the following output:
Change Dir: /home/u170457/followbot_ws/build/CMakeFiles/CMakeTmp

Run Build Command:/usr/bin/make "cmTryCompileExec3269895055/fast"
/usr/bin/make -f CMakeFiles/cmTryCompileExec3269895055.dir/build.make CMakeFiles/cmTryCompileExec3269895055.dir/build
make[1]: Entering directory `/home/u170457/followbot_ws/build/CMakeFiles/CMakeTmp'
/usr/bin/cmake -E cmake_progress_report /home/u170457/followbot_ws/build/CMakeFiles/CMakeTmp/CMakeFiles 1
Building C object CMakeFiles/cmTryCompileExec3269895055.dir/CheckSymbolExists.c.o
/usr/bin/cc    -o CMakeFiles/cmTryCompileExec3269895055.dir/CheckSymbolExists.c.o   -c /home/u170457/followbot_ws/build/CMakeFiles/CMakeTmp/CheckSymbolExists.c
Linking C executable cmTryCompileExec3269895055
/usr/bin/cmake -E cmake_link_script CMakeFiles/cmTryCompileExec3269895055.dir/link.txt --verbose=1
/usr/bin/cc       CMakeFiles/cmTryCompileExec3269895055.dir/CheckSymbolExists.c.o  -o cmTryCompileExec3269895055 -rdynamic 
CMakeFiles/cmTryCompileExec3269895055.dir/CheckSymbolExists.c.o: In function `main':
CheckSymbolExists.c:(.text+0x16): undefined reference to `pthread_create'
collect2: error: ld returned 1 exit status
make[1]: *** [cmTryCompileExec3269895055] Error 1
make[1]: Leaving directory `/home/u170457/followbot_ws/build/CMakeFiles/CMakeTmp'
make: *** [cmTryCompileExec3269895055/fast] Error 2

File /home/u170457/followbot_ws/build/CMakeFiles/CMakeTmp/CheckSymbolExists.c:
/* */
#include <pthread.h>

int main(int argc, char** argv)
{
  (void)argv;
#ifndef pthread_create
  return ((int*)(&pthread_create))[argc];
#else
  (void)argc;
  return 0;
#endif
}

Determining if the function pthread_create exists in the pthreads failed with the following output:
Change Dir: /home/u170457/followbot_ws/build/CMakeFiles/CMakeTmp

Run Build Command:/usr/bin/make "cmTryCompileExec1656319549/fast"
/usr/bin/make -f CMakeFiles/cmTryCompileExec1656319549.dir/build.make CMakeFiles/cmTryCompileExec1656319549.dir/build
make[1]: Entering directory `/home/u170457/followbot_ws/build/CMakeFiles/CMakeTmp'
/usr/bin/cmake -E cmake_progress_report /home/u170457/followbot_ws/build/CMakeFiles/CMakeTmp/CMakeFiles 1
Building C object CMakeFiles/cmTryCompileExec1656319549.dir/CheckFunctionExists.c.o
/usr/bin/cc   -DCHECK_FUNCTION_EXISTS=pthread_create   -o CMakeFiles/cmTryCompileExec1656319549.dir/CheckFunctionExists.c.o   -c /usr/share/cmake-2.8/Modules/CheckFunctionExists.c
Linking C executable cmTryCompileExec1656319549
/usr/bin/cmake -E cmake_link_script CMakeFiles/cmTryCompileExec1656319549.dir/link.txt --verbose=1
/usr/bin/cc   -DCHECK_FUNCTION_EXISTS=pthread_create    CMakeFiles/cmTryCompileExec1656319549.dir/CheckFunctionExists.c.o  -o cmTryCompileExec1656319549 -rdynamic -lpthreads 
/usr/bin/ld: cannot find -lpthreads
collect2: error: ld returned 1 exit status
make[1]: *** [cmTryCompileExec1656319549] Error 1
make[1]: Leaving directory `/home/u170457/followbot_ws/build/CMakeFiles/CMakeTmp'
make: *** [cmTryCompileExec1656319549/fast] Error 2


