Determining if the pthread_create exist failed with the following output:
Change Dir: /home/u170457/teleopbot_ws/build/CMakeFiles/CMakeTmp

Run Build Command:/usr/bin/make "cmTryCompileExec2985126535/fast"
/usr/bin/make -f CMakeFiles/cmTryCompileExec2985126535.dir/build.make CMakeFiles/cmTryCompileExec2985126535.dir/build
make[1]: Entering directory `/home/u170457/teleopbot_ws/build/CMakeFiles/CMakeTmp'
/usr/bin/cmake -E cmake_progress_report /home/u170457/teleopbot_ws/build/CMakeFiles/CMakeTmp/CMakeFiles 1
Building C object CMakeFiles/cmTryCompileExec2985126535.dir/CheckSymbolExists.c.o
/usr/bin/cc    -o CMakeFiles/cmTryCompileExec2985126535.dir/CheckSymbolExists.c.o   -c /home/u170457/teleopbot_ws/build/CMakeFiles/CMakeTmp/CheckSymbolExists.c
Linking C executable cmTryCompileExec2985126535
/usr/bin/cmake -E cmake_link_script CMakeFiles/cmTryCompileExec2985126535.dir/link.txt --verbose=1
/usr/bin/cc       CMakeFiles/cmTryCompileExec2985126535.dir/CheckSymbolExists.c.o  -o cmTryCompileExec2985126535 -rdynamic 
CMakeFiles/cmTryCompileExec2985126535.dir/CheckSymbolExists.c.o: In function `main':
CheckSymbolExists.c:(.text+0x16): undefined reference to `pthread_create'
collect2: error: ld returned 1 exit status
make[1]: *** [cmTryCompileExec2985126535] Error 1
make[1]: Leaving directory `/home/u170457/teleopbot_ws/build/CMakeFiles/CMakeTmp'
make: *** [cmTryCompileExec2985126535/fast] Error 2

File /home/u170457/teleopbot_ws/build/CMakeFiles/CMakeTmp/CheckSymbolExists.c:
/* */
#include <pthread.h>

int main(int argc, char** argv)
{
  (void)argv;
#ifndef pthread_create
  return ((int*)(&pthread_create))[argc];
#else
  (void)argc;
  return 0;
#endif
}

Determining if the function pthread_create exists in the pthreads failed with the following output:
Change Dir: /home/u170457/teleopbot_ws/build/CMakeFiles/CMakeTmp

Run Build Command:/usr/bin/make "cmTryCompileExec217546084/fast"
/usr/bin/make -f CMakeFiles/cmTryCompileExec217546084.dir/build.make CMakeFiles/cmTryCompileExec217546084.dir/build
make[1]: Entering directory `/home/u170457/teleopbot_ws/build/CMakeFiles/CMakeTmp'
/usr/bin/cmake -E cmake_progress_report /home/u170457/teleopbot_ws/build/CMakeFiles/CMakeTmp/CMakeFiles 1
Building C object CMakeFiles/cmTryCompileExec217546084.dir/CheckFunctionExists.c.o
/usr/bin/cc   -DCHECK_FUNCTION_EXISTS=pthread_create   -o CMakeFiles/cmTryCompileExec217546084.dir/CheckFunctionExists.c.o   -c /usr/share/cmake-2.8/Modules/CheckFunctionExists.c
Linking C executable cmTryCompileExec217546084
/usr/bin/cmake -E cmake_link_script CMakeFiles/cmTryCompileExec217546084.dir/link.txt --verbose=1
/usr/bin/cc   -DCHECK_FUNCTION_EXISTS=pthread_create    CMakeFiles/cmTryCompileExec217546084.dir/CheckFunctionExists.c.o  -o cmTryCompileExec217546084 -rdynamic -lpthreads 
/usr/bin/ld: cannot find -lpthreads
collect2: error: ld returned 1 exit status
make[1]: *** [cmTryCompileExec217546084] Error 1
make[1]: Leaving directory `/home/u170457/teleopbot_ws/build/CMakeFiles/CMakeTmp'
make: *** [cmTryCompileExec217546084/fast] Error 2


